kotlin version: 2.2.10
error message: java.lang.RuntimeException: Exception while generating code for:
FUN name:startPulseAnimation visibility:private modality:FINAL returnType:kotlin.Unit
  VALUE_PARAMETER kind:DispatchReceiver name:<this> index:0 type:com.example.run.water_tracker
  BLOCK_BODY
    COMPOSITE type=kotlin.Unit origin=null
      BLOCK type=kotlin.Unit? origin=FOLDED_SAFE_CALL
        WHEN type=kotlin.Unit? origin=FOLDED_SAFE_CALL
          BRANCH
            if: COMPOSITE type=kotlin.Boolean origin=null
              VAR IR_TEMPORARY_VARIABLE name:tmp0_safe_receiver type:android.animation.AnimatorSet? [val]
                GET_FIELD 'FIELD PROPERTY_BACKING_FIELD name:pulseAnimator type:android.animation.AnimatorSet? visibility:private' type=android.animation.AnimatorSet? origin=null
                  receiver: GET_VAR '<this>: com.example.run.water_tracker declared in com.example.run.water_tracker.startPulseAnimation' type=com.example.run.water_tracker origin=IMPLICIT_ARGUMENT
              CALL 'public final fun not (): kotlin.Boolean [operator] declared in kotlin.Boolean' type=kotlin.Boolean origin=null
                ARG <this>: CALL 'public final fun EQEQ (arg0: kotlin.Any?, arg1: kotlin.Any?): kotlin.Boolean declared in kotlin.internal.ir' type=kotlin.Boolean origin=null
                  ARG arg0: GET_VAR 'val tmp0_safe_receiver: android.animation.AnimatorSet? [val] declared in com.example.run.water_tracker.startPulseAnimation' type=android.animation.AnimatorSet? origin=null
                  ARG arg1: CONST Null type=kotlin.Nothing? value=null
            then: CALL 'public open fun cancel (): kotlin.Unit declared in android.animation.AnimatorSet' type=kotlin.Unit origin=null
              ARG <this>: GET_VAR 'val tmp0_safe_receiver: android.animation.AnimatorSet? [val] declared in com.example.run.water_tracker.startPulseAnimation' type=android.animation.AnimatorSet? origin=null
          BRANCH
            if: CONST Boolean type=kotlin.Boolean value=true
            then: CONST Null type=kotlin.Nothing? value=null
    VAR name:scaleX type:@[FlexibleNullability] android.animation.ObjectAnimator? [val]
      CALL 'public open fun ofFloat (p0: @[FlexibleNullability] kotlin.Any?, p1: @[FlexibleNullability] kotlin.String?, vararg p2: kotlin.Float): @[FlexibleNullability] android.animation.ObjectAnimator? declared in android.animation.ObjectAnimator' type=@[FlexibleNullability] android.animation.ObjectAnimator? origin=null
        ARG p0: BLOCK type=android.view.View origin=FOLDED_ELVIS
          WHEN type=android.view.View origin=FOLDED_ELVIS
            BRANCH
              if: COMPOSITE type=kotlin.Boolean origin=null
                VAR IR_TEMPORARY_VARIABLE name:tmp0 type:android.view.View? [val]
                  GET_FIELD 'FIELD PROPERTY_BACKING_FIELD name:viewPulseRing type:android.view.View? visibility:private' type=android.view.View? origin=null
                    receiver: GET_VAR '<this>: com.example.run.water_tracker declared in com.example.run.water_tracker.startPulseAnimation' type=com.example.run.water_tracker origin=IMPLICIT_ARGUMENT
                CALL 'public final fun not (): kotlin.Boolean [operator] declared in kotlin.Boolean' type=kotlin.Boolean origin=null
                  ARG <this>: CALL 'public final fun EQEQ (arg0: kotlin.Any?, arg1: kotlin.Any?): kotlin.Boolean declared in kotlin.internal.ir' type=kotlin.Boolean origin=null
                    ARG arg0: GET_VAR 'val tmp0: android.view.View? [val] declared in com.example.run.water_tracker.startPulseAnimation' type=android.view.View? origin=null
                    ARG arg1: CONST Null type=kotlin.Nothing? value=null
              then: GET_VAR 'val tmp0: android.view.View? [val] declared in com.example.run.water_tracker.startPulseAnimation' type=android.view.View? origin=null
            BRANCH
              if: CONST Boolean type=kotlin.Boolean value=true
              then: BLOCK type=kotlin.Unit origin=null
                CALL 'public final fun throwUninitializedPropertyAccessException (propertyName: kotlin.String): kotlin.Unit declared in kotlin.jvm.internal.Intrinsics' type=kotlin.Unit origin=null
                  ARG propertyName: CONST String type=kotlin.String value="viewPulseRing"
        ARG p1: CONST String type=kotlin.String value="scaleX"
        ARG p2: BLOCK type=@[FlexibleNullability] kotlin.FloatArray? origin=null
          VAR IR_TEMPORARY_VARIABLE name:tmp0 type:@[FlexibleNullability] kotlin.FloatArray? [val]
            CONSTRUCTOR_CALL 'public constructor <init> (size: kotlin.Int) [primary] declared in kotlin.FloatArray' type=@[FlexibleNullability] kotlin.FloatArray? origin=null
              ARG size: CONST Int type=kotlin.Int value=3
          CALL 'public final fun set (index: kotlin.Int, value: kotlin.Float): kotlin.Unit [operator] declared in kotlin.FloatArray' type=kotlin.Unit origin=null
            ARG <this>: GET_VAR 'val tmp0: @[FlexibleNullability] kotlin.FloatArray? [val] declared in com.example.run.water_tracker.startPulseAnimation' type=@[FlexibleNullability] kotlin.FloatArray? origin=null
            ARG index: CONST Int type=kotlin.Int value=0
            ARG value: CONST Float type=kotlin.Float value=1.0
          CALL 'public final fun set (index: kotlin.Int, value: kotlin.Float): kotlin.Unit [operator] declared in kotlin.FloatArray' type=kotlin.Unit origin=null
            ARG <this>: GET_VAR 'val tmp0: @[FlexibleNullability] kotlin.FloatArray? [val] declared in com.example.run.water_tracker.startPulseAnimation' type=@[FlexibleNullability] kotlin.FloatArray? origin=null
            ARG index: CONST Int type=kotlin.Int value=1
            ARG value: CONST Float type=kotlin.Float value=1.6
          CALL 'public final fun set (index: kotlin.Int, value: kotlin.Float): kotlin.Unit [operator] declared in kotlin.FloatArray' type=kotlin.Unit origin=null
            ARG <this>: GET_VAR 'val tmp0: @[FlexibleNullability] kotlin.FloatArray? [val] declared in com.example.run.water_tracker.startPulseAnimation' type=@[FlexibleNullability] kotlin.FloatArray? origin=null
            ARG index: CONST Int type=kotlin.Int value=2
            ARG value: CONST Float type=kotlin.Float value=1.0
          GET_VAR 'val tmp0: @[FlexibleNullability] kotlin.FloatArray? [val] declared in com.example.run.water_tracker.startPulseAnimation' type=@[FlexibleNullability] kotlin.FloatArray? origin=null
    VAR name:scaleY type:@[FlexibleNullability] android.animation.ObjectAnimator? [val]
      CALL 'public open fun ofFloat (p0: @[FlexibleNullability] kotlin.Any?, p1: @[FlexibleNullability] kotlin.String?, vararg p2: kotlin.Float): @[FlexibleNullability] android.animation.ObjectAnimator? declared in android.animation.ObjectAnimator' type=@[FlexibleNullability] android.animation.ObjectAnimator? origin=null
        ARG p0: BLOCK type=android.view.View origin=FOLDED_ELVIS
          WHEN type=android.view.View origin=FOLDED_ELVIS
            BRANCH
              if: COMPOSITE type=kotlin.Boolean origin=null
                VAR IR_TEMPORARY_VARIABLE name:tmp0 type:android.view.View? [val]
                  GET_FIELD 'FIELD PROPERTY_BACKING_FIELD name:viewPulseRing type:android.view.View? visibility:private' type=android.view.View? origin=null
                    receiver: GET_VAR '<this>: com.example.run.water_tracker declared in com.example.run.water_tracker.startPulseAnimation' type=com.example.run.water_tracker origin=IMPLICIT_ARGUMENT
                CALL 'public final fun not (): kotlin.Boolean [operator] declared in kotlin.Boolean' type=kotlin.Boolean origin=null
                  ARG <this>: CALL 'public final fun EQEQ (arg0: kotlin.Any?, arg1: kotlin.Any?): kotlin.Boolean declared in kotlin.internal.ir' type=kotlin.Boolean origin=null
                    ARG arg0: GET_VAR 'val tmp0: android.view.View? [val] declared in com.example.run.water_tracker.startPulseAnimation' type=android.view.View? origin=null
                    ARG arg1: CONST Null type=kotlin.Nothing? value=null
              then: GET_VAR 'val tmp0: android.view.View? [val] declared in com.example.run.water_tracker.startPulseAnimation' type=android.view.View? origin=null
            BRANCH
              if: CONST Boolean type=kotlin.Boolean value=true
              then: BLOCK type=kotlin.Unit origin=null
                CALL 'public final fun throwUninitializedPropertyAccessException (propertyName: kotlin.String): kotlin.Unit declared in kotlin.jvm.internal.Intrinsics' type=kotlin.Unit origin=null
                  ARG propertyName: CONST String type=kotlin.String value="viewPulseRing"
        ARG p1: CONST String type=kotlin.String value="scaleY"
        ARG p2: BLOCK type=@[FlexibleNullability] kotlin.FloatArray? origin=null
          VAR IR_TEMPORARY_VARIABLE name:tmp0 type:@[FlexibleNullability] kotlin.FloatArray? [val]
            CONSTRUCTOR_CALL 'public constructor <init> (size: kotlin.Int) [primary] declared in kotlin.FloatArray' type=@[FlexibleNullability] kotlin.FloatArray? origin=null
              ARG size: CONST Int type=kotlin.Int value=3
          CALL 'public final fun set (index: kotlin.Int, value: kotlin.Float): kotlin.Unit [operator] declared in kotlin.FloatArray' type=kotlin.Unit origin=null
            ARG <this>: GET_VAR 'val tmp0: @[FlexibleNullability] kotlin.FloatArray? [val] declared in com.example.run.water_tracker.startPulseAnimation' type=@[FlexibleNullability] kotlin.FloatArray? origin=null
            ARG index: CONST Int type=kotlin.Int value=0
            ARG value: CONST Float type=kotlin.Float value=1.0
          CALL 'public final fun set (index: kotlin.Int, value: kotlin.Float): kotlin.Unit [operator] declared in kotlin.FloatArray' type=kotlin.Unit origin=null
            ARG <this>: GET_VAR 'val tmp0: @[FlexibleNullability] kotlin.FloatArray? [val] declared in com.example.run.water_tracker.startPulseAnimation' type=@[FlexibleNullability] kotlin.FloatArray? origin=null
            ARG index: CONST Int type=kotlin.Int value=1
            ARG value: CONST Float type=kotlin.Float value=1.6
          CALL 'public final fun set (index: kotlin.Int, value: kotlin.Float): kotlin.Unit [operator] declared in kotlin.FloatArray' type=kotlin.Unit origin=null
            ARG <this>: GET_VAR 'val tmp0: @[FlexibleNullability] kotlin.FloatArray? [val] declared in com.example.run.water_tracker.startPulseAnimation' type=@[FlexibleNullability] kotlin.FloatArray? origin=null
            ARG index: CONST Int type=kotlin.Int value=2
            ARG value: CONST Float type=kotlin.Float value=1.0
          GET_VAR 'val tmp0: @[FlexibleNullability] kotlin.FloatArray? [val] declared in com.example.run.water_tracker.startPulseAnimation' type=@[FlexibleNullability] kotlin.FloatArray? origin=null
    VAR name:alpha type:@[FlexibleNullability] android.animation.ObjectAnimator? [val]
      CALL 'public open fun ofFloat (p0: @[FlexibleNullability] kotlin.Any?, p1: @[FlexibleNullability] kotlin.String?, vararg p2: kotlin.Float): @[FlexibleNullability] android.animation.ObjectAnimator? declared in android.animation.ObjectAnimator' type=@[FlexibleNullability] android.animation.ObjectAnimator? origin=null
        ARG p0: BLOCK type=android.view.View origin=FOLDED_ELVIS
          WHEN type=android.view.View origin=FOLDED_ELVIS
            BRANCH
              if: COMPOSITE type=kotlin.Boolean origin=null
                VAR IR_TEMPORARY_VARIABLE name:tmp0 type:android.view.View? [val]
                  GET_FIELD 'FIELD PROPERTY_BACKING_FIELD name:viewPulseRing type:android.view.View? visibility:private' type=android.view.View? origin=null
                    receiver: GET_VAR '<this>: com.example.run.water_tracker declared in com.example.run.water_tracker.startPulseAnimation' type=com.example.run.water_tracker origin=IMPLICIT_ARGUMENT
                CALL 'public final fun not (): kotlin.Boolean [operator] declared in kotlin.Boolean' type=kotlin.Boolean origin=null
                  ARG <this>: CALL 'public final fun EQEQ (arg0: kotlin.Any?, arg1: kotlin.Any?): kotlin.Boolean declared in kotlin.internal.ir' type=kotlin.Boolean origin=null
                    ARG arg0: GET_VAR 'val tmp0: android.view.View? [val] declared in com.example.run.water_tracker.startPulseAnimation' type=android.view.View? origin=null
                    ARG arg1: CONST Null type=kotlin.Nothing? value=null
              then: GET_VAR 'val tmp0: android.view.View? [val] declared in com.example.run.water_tracker.startPulseAnimation' type=android.view.View? origin=null
            BRANCH
              if: CONST Boolean type=kotlin.Boolean value=true
              then: BLOCK type=kotlin.Unit origin=null
                CALL 'public final fun throwUninitializedPropertyAccessException (propertyName: kotlin.String): kotlin.Unit declared in kotlin.jvm.internal.Intrinsics' type=kotlin.Unit origin=null
                  ARG propertyName: CONST String type=kotlin.String value="viewPulseRing"
        ARG p1: CONST String type=kotlin.String value="alpha"
        ARG p2: BLOCK type=@[FlexibleNullability] kotlin.FloatArray? origin=null
          VAR IR_TEMPORARY_VARIABLE name:tmp0 type:@[FlexibleNullability] kotlin.FloatArray? [val]
            CONSTRUCTOR_CALL 'public constructor <init> (size: kotlin.Int) [primary] declared in kotlin.FloatArray' type=@[FlexibleNullability] kotlin.FloatArray? origin=null
              ARG size: CONST Int type=kotlin.Int value=3
          CALL 'public final fun set (index: kotlin.Int, value: kotlin.Float): kotlin.Unit [operator] declared in kotlin.FloatArray' type=kotlin.Unit origin=null
            ARG <this>: GET_VAR 'val tmp0: @[FlexibleNullability] kotlin.FloatArray? [val] declared in com.example.run.water_tracker.startPulseAnimation' type=@[FlexibleNullability] kotlin.FloatArray? origin=null
            ARG index: CONST Int type=kotlin.Int value=0
            ARG value: CONST Float type=kotlin.Float value=0.5
          CALL 'public final fun set (index: kotlin.Int, value: kotlin.Float): kotlin.Unit [operator] declared in kotlin.FloatArray' type=kotlin.Unit origin=null
            ARG <this>: GET_VAR 'val tmp0: @[FlexibleNullability] kotlin.FloatArray? [val] declared in com.example.run.water_tracker.startPulseAnimation' type=@[FlexibleNullability] kotlin.FloatArray? origin=null
            ARG index: CONST Int type=kotlin.Int value=1
            ARG value: CONST Float type=kotlin.Float value=0.0
          CALL 'public final fun set (index: kotlin.Int, value: kotlin.Float): kotlin.Unit [operator] declared in kotlin.FloatArray' type=kotlin.Unit origin=null
            ARG <this>: GET_VAR 'val tmp0: @[FlexibleNullability] kotlin.FloatArray? [val] declared in com.example.run.water_tracker.startPulseAnimation' type=@[FlexibleNullability] kotlin.FloatArray? origin=null
            ARG index: CONST Int type=kotlin.Int value=2
            ARG value: CONST Float type=kotlin.Float value=0.5
          GET_VAR 'val tmp0: @[FlexibleNullability] kotlin.FloatArray? [val] declared in com.example.run.water_tracker.startPulseAnimation' type=@[FlexibleNullability] kotlin.FloatArray? origin=null
    SET_FIELD 'FIELD PROPERTY_BACKING_FIELD name:pulseAnimator type:android.animation.AnimatorSet? visibility:private' type=kotlin.Unit origin=null
      receiver: GET_VAR '<this>: com.example.run.water_tracker declared in com.example.run.water_tracker.startPulseAnimation' type=com.example.run.water_tracker origin=IMPLICIT_ARGUMENT
      value: CALL 'public final fun apply <T> (<this>: T of kotlin.StandardKt.apply, block: @[ExtensionFunctionType] kotlin.Function1<T of kotlin.StandardKt.apply, kotlin.Unit>): T of kotlin.StandardKt.apply [inline] declared in kotlin.StandardKt' type=android.animation.AnimatorSet origin=null
        TYPE_ARG T: android.animation.AnimatorSet
        ARG <this>: CONSTRUCTOR_CALL 'public constructor <init> () declared in android.animation.AnimatorSet' type=android.animation.AnimatorSet origin=null
        ARG block: BLOCK type=@[ExtensionFunctionType] kotlin.Function1<android.animation.AnimatorSet, kotlin.Unit> origin=LAMBDA
          COMPOSITE type=kotlin.Unit origin=null
          FUNCTION_REFERENCE 'private final fun startPulseAnimation$lambda$8 ($this$apply: android.animation.AnimatorSet, $scaleX: @[FlexibleNullability] android.animation.ObjectAnimator?, $scaleY: @[FlexibleNullability] android.animation.ObjectAnimator?, $alpha: @[FlexibleNullability] android.animation.ObjectAnimator?): kotlin.Unit declared in com.example.run.water_tracker' type=@[ExtensionFunctionType] kotlin.Function1<android.animation.AnimatorSet, kotlin.Unit> origin=INLINE_LAMBDA reflectionTarget=null
            ARG $scaleX: GET_VAR 'val scaleX: @[FlexibleNullability] android.animation.ObjectAnimator? [val] declared in com.example.run.water_tracker.startPulseAnimation' type=@[FlexibleNullability] android.animation.ObjectAnimator? origin=null
            ARG $scaleY: GET_VAR 'val scaleY: @[FlexibleNullability] android.animation.ObjectAnimator? [val] declared in com.example.run.water_tracker.startPulseAnimation' type=@[FlexibleNullability] android.animation.ObjectAnimator? origin=null
            ARG $alpha: GET_VAR 'val alpha: @[FlexibleNullability] android.animation.ObjectAnimator? [val] declared in com.example.run.water_tracker.startPulseAnimation' type=@[FlexibleNullability] android.animation.ObjectAnimator? origin=null

	at org.jetbrains.kotlin.backend.jvm.codegen.FunctionCodegen.generate(FunctionCodegen.kt:50)
	at org.jetbrains.kotlin.backend.jvm.codegen.FunctionCodegen.generate$default(FunctionCodegen.kt:43)
	at org.jetbrains.kotlin.backend.jvm.codegen.ClassCodegen.generateMethodNode(ClassCodegen.kt:422)
	at org.jetbrains.kotlin.backend.jvm.codegen.ClassCodegen.generateMethod(ClassCodegen.kt:439)
	at org.jetbrains.kotlin.backend.jvm.codegen.ClassCodegen.generate(ClassCodegen.kt:164)
	at org.jetbrains.kotlin.backend.jvm.JvmIrCodegenFactory.generateFile(JvmIrCodegenFactory.kt:419)
	at org.jetbrains.kotlin.backend.jvm.JvmIrCodegenFactory.invokeCodegen(JvmIrCodegenFactory.kt:388)
	at org.jetbrains.kotlin.cli.jvm.compiler.KotlinToJVMBytecodeCompiler.runCodegen$cli(KotlinToJVMBytecodeCompiler.kt:431)
	at org.jetbrains.kotlin.cli.pipeline.jvm.JvmBackendPipelinePhase.executePhase(JvmBackendPipelinePhase.kt:95)
	at org.jetbrains.kotlin.cli.pipeline.jvm.JvmBackendPipelinePhase.executePhase(JvmBackendPipelinePhase.kt:36)
	at org.jetbrains.kotlin.cli.pipeline.jvm.JvmBackendPipelinePhase.executePhase(JvmBackendPipelinePhase.kt:29)
	at org.jetbrains.kotlin.cli.pipeline.PipelinePhase.phaseBody(PipelinePhase.kt:68)
	at org.jetbrains.kotlin.cli.pipeline.PipelinePhase.phaseBody(PipelinePhase.kt:58)
	at org.jetbrains.kotlin.config.phaser.NamedCompilerPhase.invoke(CompilerPhase.kt:102)
	at org.jetbrains.kotlin.backend.common.phaser.CompositePhase.invoke(PhaseBuilders.kt:22)
	at org.jetbrains.kotlin.config.phaser.CompilerPhaseKt.invokeToplevel(CompilerPhase.kt:53)
	at org.jetbrains.kotlin.cli.pipeline.AbstractCliPipeline.runPhasedPipeline(AbstractCliPipeline.kt:109)
	at org.jetbrains.kotlin.cli.pipeline.AbstractCliPipeline.execute(AbstractCliPipeline.kt:68)
	at org.jetbrains.kotlin.cli.jvm.K2JVMCompiler.doExecutePhased(K2JVMCompiler.kt:78)
	at org.jetbrains.kotlin.cli.jvm.K2JVMCompiler.doExecutePhased(K2JVMCompiler.kt:44)
	at org.jetbrains.kotlin.cli.common.CLICompiler.execImpl(CLICompiler.kt:90)
	at org.jetbrains.kotlin.cli.common.CLICompiler.exec(CLICompiler.kt:352)
	at org.jetbrains.kotlin.incremental.IncrementalJvmCompilerRunnerBase.runCompiler(IncrementalJvmCompilerRunnerBase.kt:175)
	at org.jetbrains.kotlin.incremental.IncrementalJvmCompilerRunnerBase.runCompiler(IncrementalJvmCompilerRunnerBase.kt:38)
	at org.jetbrains.kotlin.incremental.IncrementalCompilerRunner.doCompile(IncrementalCompilerRunner.kt:504)
	at org.jetbrains.kotlin.incremental.IncrementalCompilerRunner.compileImpl(IncrementalCompilerRunner.kt:421)
	at org.jetbrains.kotlin.incremental.IncrementalCompilerRunner.tryCompileIncrementally$lambda$10$compile(IncrementalCompilerRunner.kt:254)
	at org.jetbrains.kotlin.incremental.IncrementalCompilerRunner.tryCompileIncrementally(IncrementalCompilerRunner.kt:272)
	at org.jetbrains.kotlin.incremental.IncrementalCompilerRunner.compile(IncrementalCompilerRunner.kt:124)
	at org.jetbrains.kotlin.daemon.CompileServiceImplBase.execIncrementalCompiler(CompileServiceImpl.kt:679)
	at org.jetbrains.kotlin.daemon.CompileServiceImplBase.access$execIncrementalCompiler(CompileServiceImpl.kt:93)
	at org.jetbrains.kotlin.daemon.CompileServiceImpl.compile(CompileServiceImpl.kt:1806)
	at java.base/jdk.internal.reflect.DirectMethodHandleAccessor.invoke(Unknown Source)
	at java.base/java.lang.reflect.Method.invoke(Unknown Source)
	at java.rmi/sun.rmi.server.UnicastServerRef.dispatch(Unknown Source)
	at java.rmi/sun.rmi.transport.Transport$1.run(Unknown Source)
	at java.rmi/sun.rmi.transport.Transport$1.run(Unknown Source)
	at java.base/java.security.AccessController.doPrivileged(Unknown Source)
	at java.rmi/sun.rmi.transport.Transport.serviceCall(Unknown Source)
	at java.rmi/sun.rmi.transport.tcp.TCPTransport.handleMessages(Unknown Source)
	at java.rmi/sun.rmi.transport.tcp.TCPTransport$ConnectionHandler.run0(Unknown Source)
	at java.rmi/sun.rmi.transport.tcp.TCPTransport$ConnectionHandler.lambda$run$0(Unknown Source)
	at java.base/java.security.AccessController.doPrivileged(Unknown Source)
	at java.rmi/sun.rmi.transport.tcp.TCPTransport$ConnectionHandler.run(Unknown Source)
	at java.base/java.util.concurrent.ThreadPoolExecutor.runWorker(Unknown Source)
	at java.base/java.util.concurrent.ThreadPoolExecutor$Worker.run(Unknown Source)
	at java.base/java.lang.Thread.run(Unknown Source)
Caused by: java.lang.RuntimeException: Exception while generating code for:
FUN INLINE_LAMBDA name:startPulseAnimation$lambda$8 visibility:private modality:FINAL returnType:kotlin.Unit
  VALUE_PARAMETER kind:ExtensionReceiver name:$this$apply index:0 type:android.animation.AnimatorSet
  VALUE_PARAMETER BOUND_VALUE_PARAMETER kind:Regular name:$scaleX index:1 type:@[FlexibleNullability] android.animation.ObjectAnimator?
  VALUE_PARAMETER BOUND_VALUE_PARAMETER kind:Regular name:$scaleY index:2 type:@[FlexibleNullability] android.animation.ObjectAnimator?
  VALUE_PARAMETER BOUND_VALUE_PARAMETER kind:Regular name:$alpha index:3 type:@[FlexibleNullability] android.animation.ObjectAnimator?
  BLOCK_BODY
    VAR name:$i$a$-apply-water_tracker$startPulseAnimation$1 type:kotlin.Int [val]
      CONST Int type=kotlin.Int value=0
    CALL 'public open fun playTogether (vararg p0: @[FlexibleNullability] android.animation.Animator?): kotlin.Unit declared in android.animation.AnimatorSet' type=kotlin.Unit origin=null
      ARG <this>: GET_VAR '$this$apply: android.animation.AnimatorSet declared in com.example.run.water_tracker.startPulseAnimation$lambda$8' type=android.animation.AnimatorSet origin=null
      ARG p0: BLOCK type=@[FlexibleNullability] @[FlexibleArrayElementVariance] kotlin.Array<out @[FlexibleNullability] android.animation.Animator?>? origin=null
        VAR IR_TEMPORARY_VARIABLE name:tmp0 type:@[FlexibleNullability] @[FlexibleArrayElementVariance] kotlin.Array<out @[FlexibleNullability] android.animation.Animator?>? [val]
          CALL 'public final fun arrayOfNulls <T> (size: kotlin.Int): kotlin.Array<T of kotlin.arrayOfNulls?> declared in kotlin' type=@[FlexibleNullability] @[FlexibleArrayElementVariance] kotlin.Array<out @[FlexibleNullability] android.animation.Animator?>? origin=null
            TYPE_ARG T: @[FlexibleNullability] android.animation.Animator?
            ARG size: CONST Int type=kotlin.Int value=3
        CALL 'public final fun set (index: kotlin.Int, value: T of kotlin.Array): kotlin.Unit [operator] declared in kotlin.Array' type=kotlin.Unit origin=null
          ARG <this>: GET_VAR 'val tmp0: @[FlexibleNullability] @[FlexibleArrayElementVariance] kotlin.Array<out @[FlexibleNullability] android.animation.Animator?>? [val] declared in com.example.run.water_tracker.startPulseAnimation$lambda$8' type=@[FlexibleNullability] @[FlexibleArrayElementVariance] kotlin.Array<out @[FlexibleNullability] android.animation.Animator?>? origin=null
          ARG index: CONST Int type=kotlin.Int value=0
          ARG value: GET_VAR '$scaleX: @[FlexibleNullability] android.animation.ObjectAnimator? declared in com.example.run.water_tracker.startPulseAnimation$lambda$8' type=@[FlexibleNullability] android.animation.ObjectAnimator? origin=null
        CALL 'public final fun set (index: kotlin.Int, value: T of kotlin.Array): kotlin.Unit [operator] declared in kotlin.Array' type=kotlin.Unit origin=null
          ARG <this>: GET_VAR 'val tmp0: @[FlexibleNullability] @[FlexibleArrayElementVariance] kotlin.Array<out @[FlexibleNullability] android.animation.Animator?>? [val] declared in com.example.run.water_tracker.startPulseAnimation$lambda$8' type=@[FlexibleNullability] @[FlexibleArrayElementVariance] kotlin.Array<out @[FlexibleNullability] android.animation.Animator?>? origin=null
          ARG index: CONST Int type=kotlin.Int value=1
          ARG value: GET_VAR '$scaleY: @[FlexibleNullability] android.animation.ObjectAnimator? declared in com.example.run.water_tracker.startPulseAnimation$lambda$8' type=@[FlexibleNullability] android.animation.ObjectAnimator? origin=null
        CALL 'public final fun set (index: kotlin.Int, value: T of kotlin.Array): kotlin.Unit [operator] declared in kotlin.Array' type=kotlin.Unit origin=null
          ARG <this>: GET_VAR 'val tmp0: @[FlexibleNullability] @[FlexibleArrayElementVariance] kotlin.Array<out @[FlexibleNullability] android.animation.Animator?>? [val] declared in com.example.run.water_tracker.startPulseAnimation$lambda$8' type=@[FlexibleNullability] @[FlexibleArrayElementVariance] kotlin.Array<out @[FlexibleNullability] android.animation.Animator?>? origin=null
          ARG index: CONST Int type=kotlin.Int value=2
          ARG value: GET_VAR '$alpha: @[FlexibleNullability] android.animation.ObjectAnimator? declared in com.example.run.water_tracker.startPulseAnimation$lambda$8' type=@[FlexibleNullability] android.animation.ObjectAnimator? origin=null
        GET_VAR 'val tmp0: @[FlexibleNullability] @[FlexibleArrayElementVariance] kotlin.Array<out @[FlexibleNullability] android.animation.Animator?>? [val] declared in com.example.run.water_tracker.startPulseAnimation$lambda$8' type=@[FlexibleNullability] @[FlexibleArrayElementVariance] kotlin.Array<out @[FlexibleNullability] android.animation.Animator?>? origin=null
    CALL 'public open fun setDuration (p0: kotlin.Long): @[FlexibleNullability] android.animation.AnimatorSet? declared in android.animation.AnimatorSet' type=kotlin.Unit origin=EQ
      ARG <this>: GET_VAR '$this$apply: android.animation.AnimatorSet declared in com.example.run.water_tracker.startPulseAnimation$lambda$8' type=android.animation.AnimatorSet origin=null
      ARG p0: CONST Long type=kotlin.Long value=1600
    SET_FIELD 'FIELD IR_EXTERNAL_JAVA_DECLARATION_STUB name:repeatCount type:kotlin.Int visibility:public [final,static] declared in android.R.attr' type=kotlin.Unit superQualifierSymbol=android.R.attr origin=EQ
      value: CONST Int type=kotlin.Int value=-1
    CALL 'public open fun start (): kotlin.Unit declared in android.animation.AnimatorSet' type=kotlin.Unit origin=null
      ARG <this>: GET_VAR '$this$apply: android.animation.AnimatorSet declared in com.example.run.water_tracker.startPulseAnimation$lambda$8' type=android.animation.AnimatorSet origin=null

	at org.jetbrains.kotlin.backend.jvm.codegen.FunctionCodegen.generate(FunctionCodegen.kt:50)
	at org.jetbrains.kotlin.backend.jvm.codegen.IrSourceCompilerForInline.generateLambdaBody(IrSourceCompilerForInline.kt:72)
	at org.jetbrains.kotlin.codegen.inline.ExpressionLambda.generateLambdaBody(LambdaInfo.kt:72)
	at org.jetbrains.kotlin.backend.jvm.codegen.IrInlineCodegen.genValueAndPut(IrInlineCodegen.kt:122)
	at org.jetbrains.kotlin.backend.jvm.codegen.ExpressionCodegen.visitCall$handleParameter(ExpressionCodegen.kt:564)
	at org.jetbrains.kotlin.backend.jvm.codegen.ExpressionCodegen.visitCall(ExpressionCodegen.kt:577)
	at org.jetbrains.kotlin.backend.jvm.codegen.ExpressionCodegen.visitCall(ExpressionCodegen.kt:135)
	at org.jetbrains.kotlin.ir.expressions.IrCall.accept(IrCall.kt:24)
	at org.jetbrains.kotlin.backend.jvm.codegen.ExpressionCodegen.visitFieldAccess(ExpressionCodegen.kt:824)
	at org.jetbrains.kotlin.backend.jvm.codegen.ExpressionCodegen.visitFieldAccess(ExpressionCodegen.kt:135)
	at org.jetbrains.kotlin.ir.visitors.IrVisitor.visitSetField(IrVisitor.kt:215)
	at org.jetbrains.kotlin.backend.jvm.codegen.ExpressionCodegen.visitSetField(ExpressionCodegen.kt:858)
	at org.jetbrains.kotlin.backend.jvm.codegen.ExpressionCodegen.visitSetField(ExpressionCodegen.kt:135)
	at org.jetbrains.kotlin.ir.expressions.IrSetField.accept(IrSetField.kt:21)
	at org.jetbrains.kotlin.backend.jvm.codegen.ExpressionCodegen.visitStatementContainer(ExpressionCodegen.kt:527)
	at org.jetbrains.kotlin.backend.jvm.codegen.ExpressionCodegen.visitBlockBody(ExpressionCodegen.kt:532)
	at org.jetbrains.kotlin.backend.jvm.codegen.ExpressionCodegen.visitBlockBody(ExpressionCodegen.kt:135)
	at org.jetbrains.kotlin.ir.expressions.IrBlockBody.accept(IrBlockBody.kt:20)
	at org.jetbrains.kotlin.backend.jvm.codegen.ExpressionCodegen.generate(ExpressionCodegen.kt:233)
	at org.jetbrains.kotlin.backend.jvm.codegen.FunctionCodegen.doGenerate(FunctionCodegen.kt:126)
	at org.jetbrains.kotlin.backend.jvm.codegen.FunctionCodegen.generate(FunctionCodegen.kt:47)
	... 46 more
Caused by: java.lang.AssertionError: access of const val: SET_FIELD 'FIELD IR_EXTERNAL_JAVA_DECLARATION_STUB name:repeatCount type:kotlin.Int visibility:public [final,static] declared in android.R.attr' type=kotlin.Unit superQualifierSymbol=android.R.attr origin=EQ
  value: CONST Int type=kotlin.Int value=-1

	at org.jetbrains.kotlin.backend.jvm.codegen.ExpressionCodegen.visitFieldAccess(ExpressionCodegen.kt:807)
	at org.jetbrains.kotlin.backend.jvm.codegen.ExpressionCodegen.visitFieldAccess(ExpressionCodegen.kt:135)
	at org.jetbrains.kotlin.ir.visitors.IrVisitor.visitSetField(IrVisitor.kt:215)
	at org.jetbrains.kotlin.backend.jvm.codegen.ExpressionCodegen.visitSetField(ExpressionCodegen.kt:858)
	at org.jetbrains.kotlin.backend.jvm.codegen.ExpressionCodegen.visitSetField(ExpressionCodegen.kt:135)
	at org.jetbrains.kotlin.ir.expressions.IrSetField.accept(IrSetField.kt:21)
	at org.jetbrains.kotlin.backend.jvm.codegen.ExpressionCodegen.visitStatementContainer(ExpressionCodegen.kt:527)
	at org.jetbrains.kotlin.backend.jvm.codegen.ExpressionCodegen.visitBlockBody(ExpressionCodegen.kt:532)
	at org.jetbrains.kotlin.backend.jvm.codegen.ExpressionCodegen.visitBlockBody(ExpressionCodegen.kt:135)
	at org.jetbrains.kotlin.ir.expressions.IrBlockBody.accept(IrBlockBody.kt:20)
	at org.jetbrains.kotlin.backend.jvm.codegen.ExpressionCodegen.generate(ExpressionCodegen.kt:233)
	at org.jetbrains.kotlin.backend.jvm.codegen.FunctionCodegen.doGenerate(FunctionCodegen.kt:126)
	at org.jetbrains.kotlin.backend.jvm.codegen.FunctionCodegen.generate(FunctionCodegen.kt:47)
	... 66 more


